<?xml version="1.0" encoding="UTF-8"?>
<!-- Generated by org.testng.reporters.JUnitXMLReporter -->
<testsuite hostname="ES-IN-L0077" name="Test" tests="8" failures="2" timestamp="31 Mar 2020 08:33:30 GMT" time="12.276" errors="0">
  <testcase name="@AfterMethod afterMethod" time="0.0" classname="com.evonsys.citi.utils.Test2">
    <failure type="java.lang.IllegalArgumentException" message="imagePath cannot be null or empty">
      <![CDATA[java.lang.IllegalArgumentException: imagePath cannot be null or empty
	at com.aventstack.extentreports.ExtentTest.addScreenCaptureFromPath(ExtentTest.java:1137)
	at com.aventstack.extentreports.ExtentTest.addScreenCaptureFromPath(ExtentTest.java:1165)
	at com.evonsys.citi.base.Base.afterMethod(Base.java:91)
... Removed 26 stack frames]]>
    </failure>
  </testcase> <!-- @AfterMethod afterMethod -->
  <testcase name="@BeforeMethod beforeMethod" time="0.0" classname="com.evonsys.citi.utils.Test2">
    <skipped/>
  </testcase> <!-- @BeforeMethod beforeMethod -->
  <testcase name="@AfterMethod afterMethod" time="0.0" classname="com.evonsys.citi.utils.Test2">
    <skipped/>
  </testcase> <!-- @AfterMethod afterMethod -->
  <testcase name="@BeforeMethod beforeMethod" time="0.0" classname="com.evonsys.citi.utils.Test2">
    <skipped/>
  </testcase> <!-- @BeforeMethod beforeMethod -->
  <testcase name="@AfterMethod afterMethod" time="0.0" classname="com.evonsys.citi.utils.Test2">
    <skipped/>
  </testcase> <!-- @AfterMethod afterMethod -->
  <testcase name="@BeforeMethod beforeMethod" time="0.0" classname="com.evonsys.citi.utils.Test2">
    <skipped/>
  </testcase> <!-- @BeforeMethod beforeMethod -->
  <testcase name="@AfterMethod afterMethod" time="0.0" classname="com.evonsys.citi.utils.Test2">
    <skipped/>
  </testcase> <!-- @AfterMethod afterMethod -->
  <testcase name="@AfterTest tearDown" time="0.0" classname="com.evonsys.citi.utils.Test1">
    <skipped/>
  </testcase> <!-- @AfterTest tearDown -->
  <testcase name="test" time="0.013" classname="com.evonsys.citi.utils.Test1"/>
  <testcase name="test1" time="0.0" classname="com.evonsys.citi.utils.Test1">
    <failure type="java.lang.AssertionError" message="expected [true] but found [false]">
      <![CDATA[java.lang.AssertionError: expected [true] but found [false]
	at com.evonsys.citi.helper.assertion.AssertionHelper.makeFalse(AssertionHelper.java:27)
	at com.evonsys.citi.utils.Test1.test1(Test1.java:16)
... Removed 28 stack frames]]>
    </failure>
  </testcase> <!-- test1 -->
  <testcase name="test2" time="0.003" classname="com.evonsys.citi.utils.Test1">
    <failure type="java.lang.AssertionError" message="expected [true] but found [false]">
      <![CDATA[java.lang.AssertionError: expected [true] but found [false]
	at com.evonsys.citi.helper.assertion.AssertionHelper.makeFalse(AssertionHelper.java:27)
	at com.evonsys.citi.utils.Test1.test2(Test1.java:24)
... Removed 28 stack frames]]>
    </failure>
  </testcase> <!-- test2 -->
  <testcase name="test3" time="0.002" classname="com.evonsys.citi.utils.Test1"/>
  <testcase name="test" time="0.001" classname="com.evonsys.citi.utils.Test2"/>
  <testcase name="test1" time="0.002" classname="com.evonsys.citi.utils.Test2">
    <skipped/>
  </testcase> <!-- test1 -->
  <testcase name="test2" time="0.0" classname="com.evonsys.citi.utils.Test2">
    <skipped/>
  </testcase> <!-- test2 -->
  <testcase name="test3" time="0.001" classname="com.evonsys.citi.utils.Test2">
    <skipped/>
  </testcase> <!-- test3 -->
</testsuite> <!-- Test -->
