<html>
<head>
<title>TestNG:  Test</title>
<link href="../testng.css" rel="stylesheet" type="text/css" />
<link href="../my-testng.css" rel="stylesheet" type="text/css" />

<style type="text/css">
.log { display: none;} 
.stack-trace { display: none;} 
</style>
<script type="text/javascript">
<!--
function flip(e) {
  current = e.style.display;
  if (current == 'block') {
    e.style.display = 'none';
    return 0;
  }
  else {
    e.style.display = 'block';
    return 1;
  }
}

function toggleBox(szDivId, elem, msg1, msg2)
{
  var res = -1;  if (document.getElementById) {
    res = flip(document.getElementById(szDivId));
  }
  else if (document.all) {
    // this is the way old msie versions work
    res = flip(document.all[szDivId]);
  }
  if(elem) {
    if(res == 0) elem.innerHTML = msg1; else elem.innerHTML = msg2;
  }

}

function toggleAllBoxes() {
  if (document.getElementsByTagName) {
    d = document.getElementsByTagName('div');
    for (i = 0; i < d.length; i++) {
      if (d[i].className == 'log') {
        flip(d[i]);
      }
    }
  }
}

// -->
</script>

</head>
<body>
<h2 align='center'>Test</h2><table border='1' align="center">
<tr>
<td>Tests passed/Failed/Skipped:</td><td>3/2/3</td>
</tr><tr>
<td>Started on:</td><td>Tue Mar 31 14:03:17 IST 2020</td>
</tr>
<tr><td>Total time:</td><td>12 seconds (12276 ms)</td>
</tr><tr>
<td>Included groups:</td><td></td>
</tr><tr>
<td>Excluded groups:</td><td></td>
</tr>
</table><p/>
<small><i>(Hover the method name to see the test class name)</i></small><p/>
<table width='100%' border='1' class='invocation-failed'>
<tr><td colspan='4' align='center'><b>FAILED CONFIGURATIONS</b></td></tr>
<tr><td><b>Test method</b></td>
<td width="30%"><b>Exception</b></td>
<td width="10%"><b>Time (seconds)</b></td>
<td><b>Instance</b></td>
</tr>
<tr>
<td title='com.evonsys.citi.utils.Test2.afterMethod()'><b>afterMethod</b><br>Test class: com.evonsys.citi.utils.Test2<br>Parameters: [TestResult name=test status=SUCCESS method=Test2.test()[pri:0, instance:com.evonsys.citi.utils.Test2@6fc6f14e] output={null}]</td>
<td><div><pre>java.lang.IllegalArgumentException: imagePath cannot be null or empty
	at com.aventstack.extentreports.ExtentTest.addScreenCaptureFromPath(ExtentTest.java:1137)
	at com.aventstack.extentreports.ExtentTest.addScreenCaptureFromPath(ExtentTest.java:1165)
	at com.evonsys.citi.base.Base.afterMethod(Base.java:91)
... Removed 26 stack frames</pre></div><a href='#' onClick='toggleBox("stack-trace1932470703", this, "Click to show all stack frames", "Click to hide stack frames")'>Click to show all stack frames</a>
<div class='stack-trace' id='stack-trace1932470703'><pre>java.lang.IllegalArgumentException: imagePath cannot be null or empty
	at com.aventstack.extentreports.ExtentTest.addScreenCaptureFromPath(ExtentTest.java:1137)
	at com.aventstack.extentreports.ExtentTest.addScreenCaptureFromPath(ExtentTest.java:1165)
	at com.evonsys.citi.base.Base.afterMethod(Base.java:91)
	at sun.reflect.NativeMethodAccessorImpl.invoke0(Native Method)
	at sun.reflect.NativeMethodAccessorImpl.invoke(NativeMethodAccessorImpl.java:62)
	at sun.reflect.DelegatingMethodAccessorImpl.invoke(DelegatingMethodAccessorImpl.java:43)
	at java.lang.reflect.Method.invoke(Method.java:498)
	at org.testng.internal.MethodInvocationHelper.invokeMethod(MethodInvocationHelper.java:86)
	at org.testng.internal.Invoker.invokeConfigurationMethod(Invoker.java:514)
	at org.testng.internal.Invoker.invokeConfigurations(Invoker.java:215)
	at org.testng.internal.Invoker.invokeMethod(Invoker.java:707)
	at org.testng.internal.Invoker.invokeTestMethod(Invoker.java:820)
	at org.testng.internal.Invoker.invokeTestMethods(Invoker.java:1128)
	at org.testng.internal.TestMethodWorker.invokeTestMethods(TestMethodWorker.java:129)
	at org.testng.internal.TestMethodWorker.run(TestMethodWorker.java:112)
	at org.testng.TestRunner.privateRun(TestRunner.java:782)
	at org.testng.TestRunner.run(TestRunner.java:632)
	at org.testng.SuiteRunner.runTest(SuiteRunner.java:366)
	at org.testng.SuiteRunner.runSequentially(SuiteRunner.java:361)
	at org.testng.SuiteRunner.privateRun(SuiteRunner.java:319)
	at org.testng.SuiteRunner.run(SuiteRunner.java:268)
	at org.testng.SuiteRunnerWorker.runSuite(SuiteRunnerWorker.java:52)
	at org.testng.SuiteRunnerWorker.run(SuiteRunnerWorker.java:86)
	at org.testng.TestNG.runSuitesSequentially(TestNG.java:1244)
	at org.testng.TestNG.runSuitesLocally(TestNG.java:1169)
	at org.testng.TestNG.run(TestNG.java:1064)
	at org.testng.remote.AbstractRemoteTestNG.run(AbstractRemoteTestNG.java:126)
	at org.testng.remote.RemoteTestNG.initAndRun(RemoteTestNG.java:152)
	at org.testng.remote.RemoteTestNG.main(RemoteTestNG.java:57)
</pre></div></td>
<td>0</td>
<td>com.evonsys.citi.utils.Test2@6fc6f14e</td></tr>
</table><p>
<table width='100%' border='1' class='invocation-skipped'>
<tr><td colspan='4' align='center'><b>SKIPPED CONFIGURATIONS</b></td></tr>
<tr><td><b>Test method</b></td>
<td width="30%"><b>Exception</b></td>
<td width="10%"><b>Time (seconds)</b></td>
<td><b>Instance</b></td>
</tr>
<tr>
<td title='com.evonsys.citi.utils.Test2.beforeMethod()'><b>beforeMethod</b><br>Test class: com.evonsys.citi.utils.Test2</td>
<td></td>
<td>0</td>
<td>com.evonsys.citi.utils.Test2@6fc6f14e</td></tr>
<tr>
<td title='com.evonsys.citi.utils.Test2.beforeMethod()'><b>beforeMethod</b><br>Test class: com.evonsys.citi.utils.Test2</td>
<td></td>
<td>0</td>
<td>com.evonsys.citi.utils.Test2@6fc6f14e</td></tr>
<tr>
<td title='com.evonsys.citi.utils.Test2.beforeMethod()'><b>beforeMethod</b><br>Test class: com.evonsys.citi.utils.Test2</td>
<td></td>
<td>0</td>
<td>com.evonsys.citi.utils.Test2@6fc6f14e</td></tr>
<tr>
<td title='com.evonsys.citi.utils.Test2.afterMethod()'><b>afterMethod</b><br>Test class: com.evonsys.citi.utils.Test2</td>
<td></td>
<td>0</td>
<td>com.evonsys.citi.utils.Test2@6fc6f14e</td></tr>
<tr>
<td title='com.evonsys.citi.utils.Test2.afterMethod()'><b>afterMethod</b><br>Test class: com.evonsys.citi.utils.Test2</td>
<td></td>
<td>0</td>
<td>com.evonsys.citi.utils.Test2@6fc6f14e</td></tr>
<tr>
<td title='com.evonsys.citi.utils.Test2.afterMethod()'><b>afterMethod</b><br>Test class: com.evonsys.citi.utils.Test2</td>
<td></td>
<td>0</td>
<td>com.evonsys.citi.utils.Test2@6fc6f14e</td></tr>
<tr>
<td title='com.evonsys.citi.utils.Test1.tearDown()'><b>tearDown</b><br>Test class: com.evonsys.citi.utils.Test1</td>
<td></td>
<td>0</td>
<td>null</td></tr>
</table><p>
<table width='100%' border='1' class='invocation-failed'>
<tr><td colspan='4' align='center'><b>FAILED TESTS</b></td></tr>
<tr><td><b>Test method</b></td>
<td width="30%"><b>Exception</b></td>
<td width="10%"><b>Time (seconds)</b></td>
<td><b>Instance</b></td>
</tr>
<tr>
<td title='com.evonsys.citi.utils.Test1.test1()'><b>test1</b><br>Test class: com.evonsys.citi.utils.Test1</td>
<td><div><pre>java.lang.AssertionError: expected [true] but found [false]
	at com.evonsys.citi.helper.assertion.AssertionHelper.makeFalse(AssertionHelper.java:27)
	at com.evonsys.citi.utils.Test1.test1(Test1.java:16)
... Removed 28 stack frames</pre></div><a href='#' onClick='toggleBox("stack-trace24650043", this, "Click to show all stack frames", "Click to hide stack frames")'>Click to show all stack frames</a>
<div class='stack-trace' id='stack-trace24650043'><pre>java.lang.AssertionError: expected [true] but found [false]
	at org.testng.Assert.fail(Assert.java:94)
	at org.testng.Assert.failNotEquals(Assert.java:513)
	at org.testng.Assert.assertTrue(Assert.java:42)
	at org.testng.Assert.assertTrue(Assert.java:52)
	at com.evonsys.citi.helper.assertion.AssertionHelper.makeFalse(AssertionHelper.java:27)
	at com.evonsys.citi.utils.Test1.test1(Test1.java:16)
	at sun.reflect.NativeMethodAccessorImpl.invoke0(Native Method)
	at sun.reflect.NativeMethodAccessorImpl.invoke(NativeMethodAccessorImpl.java:62)
	at sun.reflect.DelegatingMethodAccessorImpl.invoke(DelegatingMethodAccessorImpl.java:43)
	at java.lang.reflect.Method.invoke(Method.java:498)
	at org.testng.internal.MethodInvocationHelper.invokeMethod(MethodInvocationHelper.java:86)
	at org.testng.internal.Invoker.invokeMethod(Invoker.java:643)
	at org.testng.internal.Invoker.invokeTestMethod(Invoker.java:820)
	at org.testng.internal.Invoker.invokeTestMethods(Invoker.java:1128)
	at org.testng.internal.TestMethodWorker.invokeTestMethods(TestMethodWorker.java:129)
	at org.testng.internal.TestMethodWorker.run(TestMethodWorker.java:112)
	at org.testng.TestRunner.privateRun(TestRunner.java:782)
	at org.testng.TestRunner.run(TestRunner.java:632)
	at org.testng.SuiteRunner.runTest(SuiteRunner.java:366)
	at org.testng.SuiteRunner.runSequentially(SuiteRunner.java:361)
	at org.testng.SuiteRunner.privateRun(SuiteRunner.java:319)
	at org.testng.SuiteRunner.run(SuiteRunner.java:268)
	at org.testng.SuiteRunnerWorker.runSuite(SuiteRunnerWorker.java:52)
	at org.testng.SuiteRunnerWorker.run(SuiteRunnerWorker.java:86)
	at org.testng.TestNG.runSuitesSequentially(TestNG.java:1244)
	at org.testng.TestNG.runSuitesLocally(TestNG.java:1169)
	at org.testng.TestNG.run(TestNG.java:1064)
	at org.testng.remote.AbstractRemoteTestNG.run(AbstractRemoteTestNG.java:126)
	at org.testng.remote.RemoteTestNG.initAndRun(RemoteTestNG.java:152)
	at org.testng.remote.RemoteTestNG.main(RemoteTestNG.java:57)
</pre></div></td>
<td>0</td>
<td>com.evonsys.citi.utils.Test1@20398b7c</td></tr>
<tr>
<td title='com.evonsys.citi.utils.Test1.test2()'><b>test2</b><br>Test class: com.evonsys.citi.utils.Test1</td>
<td><div><pre>java.lang.AssertionError: expected [true] but found [false]
	at com.evonsys.citi.helper.assertion.AssertionHelper.makeFalse(AssertionHelper.java:27)
	at com.evonsys.citi.utils.Test1.test2(Test1.java:24)
... Removed 28 stack frames</pre></div><a href='#' onClick='toggleBox("stack-trace922807452", this, "Click to show all stack frames", "Click to hide stack frames")'>Click to show all stack frames</a>
<div class='stack-trace' id='stack-trace922807452'><pre>java.lang.AssertionError: expected [true] but found [false]
	at org.testng.Assert.fail(Assert.java:94)
	at org.testng.Assert.failNotEquals(Assert.java:513)
	at org.testng.Assert.assertTrue(Assert.java:42)
	at org.testng.Assert.assertTrue(Assert.java:52)
	at com.evonsys.citi.helper.assertion.AssertionHelper.makeFalse(AssertionHelper.java:27)
	at com.evonsys.citi.utils.Test1.test2(Test1.java:24)
	at sun.reflect.NativeMethodAccessorImpl.invoke0(Native Method)
	at sun.reflect.NativeMethodAccessorImpl.invoke(NativeMethodAccessorImpl.java:62)
	at sun.reflect.DelegatingMethodAccessorImpl.invoke(DelegatingMethodAccessorImpl.java:43)
	at java.lang.reflect.Method.invoke(Method.java:498)
	at org.testng.internal.MethodInvocationHelper.invokeMethod(MethodInvocationHelper.java:86)
	at org.testng.internal.Invoker.invokeMethod(Invoker.java:643)
	at org.testng.internal.Invoker.invokeTestMethod(Invoker.java:820)
	at org.testng.internal.Invoker.invokeTestMethods(Invoker.java:1128)
	at org.testng.internal.TestMethodWorker.invokeTestMethods(TestMethodWorker.java:129)
	at org.testng.internal.TestMethodWorker.run(TestMethodWorker.java:112)
	at org.testng.TestRunner.privateRun(TestRunner.java:782)
	at org.testng.TestRunner.run(TestRunner.java:632)
	at org.testng.SuiteRunner.runTest(SuiteRunner.java:366)
	at org.testng.SuiteRunner.runSequentially(SuiteRunner.java:361)
	at org.testng.SuiteRunner.privateRun(SuiteRunner.java:319)
	at org.testng.SuiteRunner.run(SuiteRunner.java:268)
	at org.testng.SuiteRunnerWorker.runSuite(SuiteRunnerWorker.java:52)
	at org.testng.SuiteRunnerWorker.run(SuiteRunnerWorker.java:86)
	at org.testng.TestNG.runSuitesSequentially(TestNG.java:1244)
	at org.testng.TestNG.runSuitesLocally(TestNG.java:1169)
	at org.testng.TestNG.run(TestNG.java:1064)
	at org.testng.remote.AbstractRemoteTestNG.run(AbstractRemoteTestNG.java:126)
	at org.testng.remote.RemoteTestNG.initAndRun(RemoteTestNG.java:152)
	at org.testng.remote.RemoteTestNG.main(RemoteTestNG.java:57)
</pre></div></td>
<td>0</td>
<td>com.evonsys.citi.utils.Test1@20398b7c</td></tr>
</table><p>
<table width='100%' border='1' class='invocation-passed'>
<tr><td colspan='4' align='center'><b>PASSED TESTS</b></td></tr>
<tr><td><b>Test method</b></td>
<td width="30%"><b>Exception</b></td>
<td width="10%"><b>Time (seconds)</b></td>
<td><b>Instance</b></td>
</tr>
<tr>
<td title='com.evonsys.citi.utils.Test1.test()'><b>test</b><br>Test class: com.evonsys.citi.utils.Test1</td>
<td></td>
<td>0</td>
<td>com.evonsys.citi.utils.Test1@20398b7c</td></tr>
<tr>
<td title='com.evonsys.citi.utils.Test2.test()'><b>test</b><br>Test class: com.evonsys.citi.utils.Test2</td>
<td></td>
<td>0</td>
<td>com.evonsys.citi.utils.Test2@6fc6f14e</td></tr>
<tr>
<td title='com.evonsys.citi.utils.Test1.test3()'><b>test3</b><br>Test class: com.evonsys.citi.utils.Test1</td>
<td></td>
<td>0</td>
<td>com.evonsys.citi.utils.Test1@20398b7c</td></tr>
</table><p>
<table width='100%' border='1' class='invocation-skipped'>
<tr><td colspan='4' align='center'><b>SKIPPED TESTS</b></td></tr>
<tr><td><b>Test method</b></td>
<td width="30%"><b>Exception</b></td>
<td width="10%"><b>Time (seconds)</b></td>
<td><b>Instance</b></td>
</tr>
<tr>
<td title='com.evonsys.citi.utils.Test2.test1()'><b>test1</b><br>Test class: com.evonsys.citi.utils.Test2</td>
<td></td>
<td>0</td>
<td>com.evonsys.citi.utils.Test2@6fc6f14e</td></tr>
<tr>
<td title='com.evonsys.citi.utils.Test2.test2()'><b>test2</b><br>Test class: com.evonsys.citi.utils.Test2</td>
<td></td>
<td>0</td>
<td>com.evonsys.citi.utils.Test2@6fc6f14e</td></tr>
<tr>
<td title='com.evonsys.citi.utils.Test2.test3()'><b>test3</b><br>Test class: com.evonsys.citi.utils.Test2</td>
<td></td>
<td>0</td>
<td>com.evonsys.citi.utils.Test2@6fc6f14e</td></tr>
</table><p>
</body>
</html>